<?xml version="1.0" encoding="UTF-8"?>
<coverage generated="1616008179681" clover="3.2.0">
  <project timestamp="1616008179681" name="All files">
    <metrics statements="21" coveredstatements="21" conditionals="14" coveredconditionals="14" methods="2" coveredmethods="2" elements="37" coveredelements="37" complexity="0" loc="21" ncloc="21" packages="1" files="1" classes="1"/>
    <file name="pyramid_puzzle.js" path="/Users/kaigong/Desktop/DS Algo Implementation/pyramid puzzle/pyramid_puzzle.js">
      <metrics statements="21" coveredstatements="21" conditionals="14" coveredconditionals="14" methods="2" coveredmethods="2"/>
      <line num="1" count="1" type="stmt"/>
      <line num="2" count="8" type="stmt"/>
      <line num="3" count="8" type="stmt"/>
      <line num="4" count="40" type="stmt"/>
      <line num="5" count="40" type="cond" truecount="4" falsecount="0"/>
      <line num="6" count="7" type="stmt"/>
      <line num="7" count="33" type="cond" truecount="2" falsecount="0"/>
      <line num="8" count="4" type="stmt"/>
      <line num="10" count="29" type="cond" truecount="2" falsecount="0"/>
      <line num="11" count="23" type="stmt"/>
      <line num="12" count="23" type="cond" truecount="2" falsecount="0"/>
      <line num="13" count="9" type="stmt"/>
      <line num="15" count="14" type="stmt"/>
      <line num="18" count="15" type="cond" truecount="2" falsecount="0"/>
      <line num="19" count="9" type="stmt"/>
      <line num="20" count="9" type="cond" truecount="2" falsecount="0"/>
      <line num="21" count="5" type="stmt"/>
      <line num="23" count="4" type="stmt"/>
      <line num="28" count="8" type="stmt"/>
      <line num="29" count="8" type="stmt"/>
      <line num="32" count="1" type="stmt"/>
    </file>
  </project>
</coverage>
