{"/Users/kaigong/Desktop/DS Algo Implementation/pyramid puzzle/pyramid_puzzle.js": {"path":"/Users/kaigong/Desktop/DS Algo Implementation/pyramid puzzle/pyramid_puzzle.js","statementMap":{"0":{"start":{"line":1,"column":16},"end":{"line":30,"column":1}},"1":{"start":{"line":2,"column":2},"end":{"line":2,"column":14}},"2":{"start":{"line":3,"column":17},"end":{"line":26,"column":3}},"3":{"start":{"line":4,"column":4},"end":{"line":4,"column":44}},"4":{"start":{"line":5,"column":4},"end":{"line":9,"column":5}},"5":{"start":{"line":6,"column":6},"end":{"line":6,"column":18}},"6":{"start":{"line":7,"column":11},"end":{"line":9,"column":5}},"7":{"start":{"line":8,"column":6},"end":{"line":8,"column":19}},"8":{"start":{"line":10,"column":4},"end":{"line":17,"column":5}},"9":{"start":{"line":11,"column":6},"end":{"line":11,"column":23}},"10":{"start":{"line":12,"column":6},"end":{"line":16,"column":7}},"11":{"start":{"line":13,"column":8},"end":{"line":13,"column":21}},"12":{"start":{"line":15,"column":8},"end":{"line":15,"column":20}},"13":{"start":{"line":18,"column":4},"end":{"line":25,"column":5}},"14":{"start":{"line":19,"column":6},"end":{"line":19,"column":23}},"15":{"start":{"line":20,"column":6},"end":{"line":24,"column":7}},"16":{"start":{"line":21,"column":8},"end":{"line":21,"column":21}},"17":{"start":{"line":23,"column":8},"end":{"line":23,"column":20}},"18":{"start":{"line":28,"column":2},"end":{"line":28,"column":31}},"19":{"start":{"line":29,"column":2},"end":{"line":29,"column":16}},"20":{"start":{"line":32,"column":0},"end":{"line":32,"column":25}}},"fnMap":{"0":{"name":"(anonymous_0)","decl":{"start":{"line":1,"column":16},"end":{"line":1,"column":17}},"loc":{"start":{"line":1,"column":35},"end":{"line":30,"column":1}},"line":1},"1":{"name":"(anonymous_1)","decl":{"start":{"line":3,"column":17},"end":{"line":3,"column":18}},"loc":{"start":{"line":3,"column":50},"end":{"line":26,"column":3}},"line":3}},"branchMap":{"0":{"loc":{"start":{"line":5,"column":4},"end":{"line":9,"column":5}},"type":"if","locations":[{"start":{"line":5,"column":4},"end":{"line":9,"column":5}},{"start":{"line":5,"column":4},"end":{"line":9,"column":5}}],"line":5},"1":{"loc":{"start":{"line":5,"column":8},"end":{"line":5,"column":51}},"type":"binary-expr","locations":[{"start":{"line":5,"column":8},"end":{"line":5,"column":23}},{"start":{"line":5,"column":27},"end":{"line":5,"column":51}}],"line":5},"2":{"loc":{"start":{"line":7,"column":11},"end":{"line":9,"column":5}},"type":"if","locations":[{"start":{"line":7,"column":11},"end":{"line":9,"column":5}},{"start":{"line":7,"column":11},"end":{"line":9,"column":5}}],"line":7},"3":{"loc":{"start":{"line":10,"column":4},"end":{"line":17,"column":5}},"type":"if","locations":[{"start":{"line":10,"column":4},"end":{"line":17,"column":5}},{"start":{"line":10,"column":4},"end":{"line":17,"column":5}}],"line":10},"4":{"loc":{"start":{"line":12,"column":6},"end":{"line":16,"column":7}},"type":"if","locations":[{"start":{"line":12,"column":6},"end":{"line":16,"column":7}},{"start":{"line":12,"column":6},"end":{"line":16,"column":7}}],"line":12},"5":{"loc":{"start":{"line":18,"column":4},"end":{"line":25,"column":5}},"type":"if","locations":[{"start":{"line":18,"column":4},"end":{"line":25,"column":5}},{"start":{"line":18,"column":4},"end":{"line":25,"column":5}}],"line":18},"6":{"loc":{"start":{"line":20,"column":6},"end":{"line":24,"column":7}},"type":"if","locations":[{"start":{"line":20,"column":6},"end":{"line":24,"column":7}},{"start":{"line":20,"column":6},"end":{"line":24,"column":7}}],"line":20}},"s":{"0":1,"1":8,"2":8,"3":40,"4":40,"5":7,"6":33,"7":4,"8":29,"9":23,"10":23,"11":9,"12":14,"13":15,"14":9,"15":9,"16":5,"17":4,"18":8,"19":8,"20":1},"f":{"0":8,"1":40},"b":{"0":[7,33],"1":[40,7],"2":[4,29],"3":[23,6],"4":[9,14],"5":[9,6],"6":[5,4]},"_coverageSchema":"1a1c01bbd47fc00a2c39e90264f33305004495a9","hash":"b331646ae9007c75fd987d81ca43e028f86d1273"}
}
