TN:
SF:pyramid_puzzle.js
FN:1,(anonymous_0)
FN:3,(anonymous_1)
FNF:2
FNH:2
FNDA:8,(anonymous_0)
FNDA:40,(anonymous_1)
DA:1,1
DA:2,8
DA:3,8
DA:4,40
DA:5,40
DA:6,7
DA:7,33
DA:8,4
DA:10,29
DA:11,23
DA:12,23
DA:13,9
DA:15,14
DA:18,15
DA:19,9
DA:20,9
DA:21,5
DA:23,4
DA:28,8
DA:29,8
DA:32,1
LF:21
LH:21
BRDA:5,0,0,7
BRDA:5,0,1,33
BRDA:5,1,0,40
BRDA:5,1,1,7
BRDA:7,2,0,4
BRDA:7,2,1,29
BRDA:10,3,0,23
BRDA:10,3,1,6
BRDA:12,4,0,9
BRDA:12,4,1,14
BRDA:18,5,0,9
BRDA:18,5,1,6
BRDA:20,6,0,5
BRDA:20,6,1,4
BRF:14
BRH:14
end_of_record
